2023-04-26 23:10:35.419 [info] Log level: Info
2023-04-26 23:10:35.419 [info] Validating found git in: "git"
2023-04-26 23:10:35.419 [info] Using git "2.34.1" from "git"
2023-04-26 23:10:35.420 [info] > git rev-parse --show-toplevel [6ms]
2023-04-26 23:10:35.420 [info] fatal: not a git repository (or any of the parent directories): .git
2023-04-26 23:10:35.420 [info] > git rev-parse --show-toplevel [5ms]
2023-04-26 23:10:35.421 [info] > git rev-parse --git-dir --git-common-dir [2ms]
2023-04-26 23:10:35.421 [info] Open repository: /home/ds
2023-04-26 23:10:35.421 [info] > git config --get commit.template [11ms]
2023-04-26 23:10:35.422 [info] > git for-each-ref --format=%(refname)%00%(upstream:short)%00%(objectname)%00%(upstream:track)%00%(upstream:remotename)%00%(upstream:remoteref) refs/heads/master refs/remotes/master [5ms]
2023-04-26 23:10:35.523 [info] > git status -z -uall [110ms]
2023-04-26 23:10:35.562 [info] > git config --get commit.template [2ms]
2023-04-26 23:10:35.570 [info] > git for-each-ref --format=%(refname)%00%(upstream:short)%00%(objectname)%00%(upstream:track)%00%(upstream:remotename)%00%(upstream:remoteref) refs/heads/master refs/remotes/master [2ms]
2023-04-26 23:10:35.612 [info] > git status -z -uall [36ms]
2023-04-26 23:10:35.920 [info] > git check-ignore -v -z --stdin [7ms]
2023-04-26 23:10:37.679 [info] > git config --get commit.template [15ms]
2023-04-26 23:10:37.681 [info] > git for-each-ref --format=%(refname)%00%(upstream:short)%00%(objectname)%00%(upstream:track)%00%(upstream:remotename)%00%(upstream:remoteref) refs/heads/master refs/remotes/master [6ms]
2023-04-26 23:10:37.744 [info] > git status -z -uall [54ms]
2023-04-26 23:10:38.742 [info] > git check-ignore -v -z --stdin [3ms]
2023-04-26 23:10:42.775 [info] > git config --get commit.template [3ms]
2023-04-26 23:10:42.789 [info] > git for-each-ref --format=%(refname)%00%(upstream:short)%00%(objectname)%00%(upstream:track)%00%(upstream:remotename)%00%(upstream:remoteref) refs/heads/master refs/remotes/master [3ms]
2023-04-26 23:10:42.851 [info] > git status -z -uall [54ms]
2023-04-26 23:10:50.015 [info] > git config --get commit.template [18ms]
2023-04-26 23:10:50.017 [info] > git for-each-ref --format=%(refname)%00%(upstream:short)%00%(objectname)%00%(upstream:track)%00%(upstream:remotename)%00%(upstream:remoteref) refs/heads/master refs/remotes/master [8ms]
2023-04-26 23:10:50.088 [info] > git status -z -uall [62ms]
2023-04-26 23:10:50.587 [info] > git check-ignore -v -z --stdin [3ms]
2023-04-26 23:10:52.953 [info] > git show --textconv :ops-201d8-code-challenges/README.md [13ms]
2023-04-26 23:10:52.963 [info] > git ls-files --stage -- /home/ds/ops-201d8-code-challenges/README.md [12ms]
2023-04-26 23:10:55.124 [info] > git config --get commit.template [5ms]
2023-04-26 23:10:55.140 [info] > git for-each-ref --format=%(refname)%00%(upstream:short)%00%(objectname)%00%(upstream:track)%00%(upstream:remotename)%00%(upstream:remoteref) refs/heads/master refs/remotes/master [5ms]
2023-04-26 23:10:55.207 [info] > git status -z -uall [56ms]
2023-04-26 23:11:00.239 [info] > git config --get commit.template [4ms]
2023-04-26 23:11:00.253 [info] > git for-each-ref --format=%(refname)%00%(upstream:short)%00%(objectname)%00%(upstream:track)%00%(upstream:remotename)%00%(upstream:remoteref) refs/heads/master refs/remotes/master [4ms]
2023-04-26 23:11:00.315 [info] > git status -z -uall [52ms]
2023-04-26 23:11:05.349 [info] > git config --get commit.template [3ms]
2023-04-26 23:11:05.361 [info] > git for-each-ref --format=%(refname)%00%(upstream:short)%00%(objectname)%00%(upstream:track)%00%(upstream:remotename)%00%(upstream:remoteref) refs/heads/master refs/remotes/master [3ms]
2023-04-26 23:11:05.416 [info] > git status -z -uall [45ms]
2023-04-26 23:11:10.460 [info] > git config --get commit.template [13ms]
2023-04-26 23:11:10.462 [info] > git for-each-ref --format=%(refname)%00%(upstream:short)%00%(objectname)%00%(upstream:track)%00%(upstream:remotename)%00%(upstream:remoteref) refs/heads/master refs/remotes/master [5ms]
2023-04-26 23:11:10.526 [info] > git status -z -uall [54ms]
2023-04-26 23:11:26.376 [info] > git config --get commit.template [13ms]
2023-04-26 23:11:26.379 [info] > git for-each-ref --format=%(refname)%00%(upstream:short)%00%(objectname)%00%(upstream:track)%00%(upstream:remotename)%00%(upstream:remoteref) refs/heads/master refs/remotes/master [6ms]
2023-04-26 23:11:26.443 [info] > git status -z -uall [54ms]
2023-04-26 23:11:31.472 [info] > git config --get commit.template [4ms]
2023-04-26 23:11:31.485 [info] > git for-each-ref --format=%(refname)%00%(upstream:short)%00%(objectname)%00%(upstream:track)%00%(upstream:remotename)%00%(upstream:remoteref) refs/heads/master refs/remotes/master [4ms]
2023-04-26 23:11:31.546 [info] > git status -z -uall [51ms]
2023-04-26 23:11:36.599 [info] > git config --get commit.template [15ms]
2023-04-26 23:11:36.601 [info] > git for-each-ref --format=%(refname)%00%(upstream:short)%00%(objectname)%00%(upstream:track)%00%(upstream:remotename)%00%(upstream:remoteref) refs/heads/master refs/remotes/master [5ms]
2023-04-26 23:11:36.667 [info] > git status -z -uall [55ms]
2023-04-26 23:11:41.714 [info] > git config --get commit.template [15ms]
2023-04-26 23:11:41.716 [info] > git for-each-ref --format=%(refname)%00%(upstream:short)%00%(objectname)%00%(upstream:track)%00%(upstream:remotename)%00%(upstream:remoteref) refs/heads/master refs/remotes/master [5ms]
2023-04-26 23:11:41.790 [info] > git status -z -uall [63ms]
2023-04-26 23:11:46.831 [info] > git config --get commit.template [15ms]
2023-04-26 23:11:46.833 [info] > git for-each-ref --format=%(refname)%00%(upstream:short)%00%(objectname)%00%(upstream:track)%00%(upstream:remotename)%00%(upstream:remoteref) refs/heads/master refs/remotes/master [6ms]
2023-04-26 23:11:46.902 [info] > git status -z -uall [58ms]
2023-04-26 23:11:51.947 [info] > git config --get commit.template [20ms]
2023-04-26 23:11:51.948 [info] > git for-each-ref --format=%(refname)%00%(upstream:short)%00%(objectname)%00%(upstream:track)%00%(upstream:remotename)%00%(upstream:remoteref) refs/heads/master refs/remotes/master [11ms]
2023-04-26 23:11:52.019 [info] > git status -z -uall [56ms]
2023-04-26 23:11:57.062 [info] > git config --get commit.template [16ms]
2023-04-26 23:11:57.063 [info] > git for-each-ref --format=%(refname)%00%(upstream:short)%00%(objectname)%00%(upstream:track)%00%(upstream:remotename)%00%(upstream:remoteref) refs/heads/master refs/remotes/master [6ms]
2023-04-26 23:11:57.125 [info] > git status -z -uall [52ms]
2023-04-26 23:12:02.159 [info] > git config --get commit.template [13ms]
2023-04-26 23:12:02.160 [info] > git for-each-ref --format=%(refname)%00%(upstream:short)%00%(objectname)%00%(upstream:track)%00%(upstream:remotename)%00%(upstream:remoteref) refs/heads/master refs/remotes/master [3ms]
2023-04-26 23:12:02.221 [info] > git status -z -uall [52ms]
2023-04-26 23:12:07.249 [info] > git config --get commit.template [4ms]
2023-04-26 23:12:07.263 [info] > git for-each-ref --format=%(refname)%00%(upstream:short)%00%(objectname)%00%(upstream:track)%00%(upstream:remotename)%00%(upstream:remoteref) refs/heads/master refs/remotes/master [3ms]
2023-04-26 23:12:07.325 [info] > git status -z -uall [52ms]
2023-04-26 23:12:12.365 [info] > git config --get commit.template [16ms]
2023-04-26 23:12:12.368 [info] > git for-each-ref --format=%(refname)%00%(upstream:short)%00%(objectname)%00%(upstream:track)%00%(upstream:remotename)%00%(upstream:remoteref) refs/heads/master refs/remotes/master [5ms]
2023-04-26 23:12:12.436 [info] > git status -z -uall [57ms]
2023-04-26 23:12:17.468 [info] > git config --get commit.template [2ms]
2023-04-26 23:12:17.480 [info] > git for-each-ref --format=%(refname)%00%(upstream:short)%00%(objectname)%00%(upstream:track)%00%(upstream:remotename)%00%(upstream:remoteref) refs/heads/master refs/remotes/master [3ms]
2023-04-26 23:12:17.544 [info] > git status -z -uall [53ms]
2023-04-26 23:12:22.568 [info] > git config --get commit.template [2ms]
2023-04-26 23:12:22.584 [info] > git for-each-ref --format=%(refname)%00%(upstream:short)%00%(objectname)%00%(upstream:track)%00%(upstream:remotename)%00%(upstream:remoteref) refs/heads/master refs/remotes/master [3ms]
2023-04-26 23:12:22.643 [info] > git status -z -uall [49ms]
2023-04-26 23:12:27.677 [info] > git config --get commit.template [8ms]
2023-04-26 23:12:27.699 [info] > git for-each-ref --format=%(refname)%00%(upstream:short)%00%(objectname)%00%(upstream:track)%00%(upstream:remotename)%00%(upstream:remoteref) refs/heads/master refs/remotes/master [7ms]
2023-04-26 23:12:27.772 [info] > git status -z -uall [62ms]
2023-04-26 23:12:32.806 [info] > git config --get commit.template [13ms]
2023-04-26 23:12:32.808 [info] > git for-each-ref --format=%(refname)%00%(upstream:short)%00%(objectname)%00%(upstream:track)%00%(upstream:remotename)%00%(upstream:remoteref) refs/heads/master refs/remotes/master [4ms]
2023-04-26 23:12:32.870 [info] > git status -z -uall [52ms]
2023-04-26 23:12:37.907 [info] > git config --get commit.template [12ms]
2023-04-26 23:12:37.909 [info] > git for-each-ref --format=%(refname)%00%(upstream:short)%00%(objectname)%00%(upstream:track)%00%(upstream:remotename)%00%(upstream:remoteref) refs/heads/master refs/remotes/master [4ms]
2023-04-26 23:12:37.973 [info] > git status -z -uall [55ms]
2023-04-26 23:12:43.027 [info] > git config --get commit.template [22ms]
2023-04-26 23:12:43.038 [info] > git for-each-ref --format=%(refname)%00%(upstream:short)%00%(objectname)%00%(upstream:track)%00%(upstream:remotename)%00%(upstream:remoteref) refs/heads/master refs/remotes/master [2ms]
2023-04-26 23:12:43.081 [info] > git status -z -uall [36ms]
2023-04-26 23:12:48.116 [info] > git config --get commit.template [10ms]
2023-04-26 23:12:48.134 [info] > git for-each-ref --format=%(refname)%00%(upstream:short)%00%(objectname)%00%(upstream:track)%00%(upstream:remotename)%00%(upstream:remoteref) refs/heads/master refs/remotes/master [4ms]
2023-04-26 23:12:48.194 [info] > git status -z -uall [50ms]
2023-04-26 23:12:53.234 [info] > git for-each-ref --format=%(refname)%00%(upstream:short)%00%(objectname)%00%(upstream:track)%00%(upstream:remotename)%00%(upstream:remoteref) refs/heads/master refs/remotes/master [4ms]
2023-04-26 23:12:53.235 [info] > git config --get commit.template [17ms]
2023-04-26 23:12:53.294 [info] > git status -z -uall [50ms]
2023-04-26 23:12:58.336 [info] > git config --get commit.template [20ms]
2023-04-26 23:12:58.338 [info] > git for-each-ref --format=%(refname)%00%(upstream:short)%00%(objectname)%00%(upstream:track)%00%(upstream:remotename)%00%(upstream:remoteref) refs/heads/master refs/remotes/master [5ms]
2023-04-26 23:12:58.407 [info] > git status -z -uall [59ms]
2023-04-26 23:13:03.441 [info] > git config --get commit.template [12ms]
2023-04-26 23:13:03.442 [info] > git for-each-ref --format=%(refname)%00%(upstream:short)%00%(objectname)%00%(upstream:track)%00%(upstream:remotename)%00%(upstream:remoteref) refs/heads/master refs/remotes/master [3ms]
2023-04-26 23:13:03.503 [info] > git status -z -uall [52ms]
2023-04-26 23:13:08.529 [info] > git config --get commit.template [3ms]
2023-04-26 23:13:08.542 [info] > git for-each-ref --format=%(refname)%00%(upstream:short)%00%(objectname)%00%(upstream:track)%00%(upstream:remotename)%00%(upstream:remoteref) refs/heads/master refs/remotes/master [3ms]
2023-04-26 23:13:08.602 [info] > git status -z -uall [51ms]
2023-04-26 23:13:13.629 [info] > git config --get commit.template [3ms]
2023-04-26 23:13:13.642 [info] > git for-each-ref --format=%(refname)%00%(upstream:short)%00%(objectname)%00%(upstream:track)%00%(upstream:remotename)%00%(upstream:remoteref) refs/heads/master refs/remotes/master [3ms]
2023-04-26 23:13:13.703 [info] > git status -z -uall [51ms]
2023-04-26 23:13:18.750 [info] > git config --get commit.template [21ms]
2023-04-26 23:13:18.764 [info] > git for-each-ref --format=%(refname)%00%(upstream:short)%00%(objectname)%00%(upstream:track)%00%(upstream:remotename)%00%(upstream:remoteref) refs/heads/master refs/remotes/master [17ms]
2023-04-26 23:13:18.819 [info] > git status -z -uall [42ms]
2023-04-26 23:13:23.835 [info] > git config --get commit.template [1ms]
2023-04-26 23:13:23.844 [info] > git for-each-ref --format=%(refname)%00%(upstream:short)%00%(objectname)%00%(upstream:track)%00%(upstream:remotename)%00%(upstream:remoteref) refs/heads/master refs/remotes/master [1ms]
2023-04-26 23:13:23.893 [info] > git status -z -uall [41ms]
2023-04-26 23:13:28.922 [info] > git config --get commit.template [13ms]
2023-04-26 23:13:28.923 [info] > git for-each-ref --format=%(refname)%00%(upstream:short)%00%(objectname)%00%(upstream:track)%00%(upstream:remotename)%00%(upstream:remoteref) refs/heads/master refs/remotes/master [3ms]
2023-04-26 23:13:28.991 [info] > git status -z -uall [55ms]
2023-04-26 23:13:34.013 [info] > git config --get commit.template [3ms]
2023-04-26 23:13:34.026 [info] > git for-each-ref --format=%(refname)%00%(upstream:short)%00%(objectname)%00%(upstream:track)%00%(upstream:remotename)%00%(upstream:remoteref) refs/heads/master refs/remotes/master [3ms]
2023-04-26 23:13:34.090 [info] > git status -z -uall [50ms]
2023-04-26 23:13:39.125 [info] > git config --get commit.template [13ms]
2023-04-26 23:13:39.127 [info] > git for-each-ref --format=%(refname)%00%(upstream:short)%00%(objectname)%00%(upstream:track)%00%(upstream:remotename)%00%(upstream:remoteref) refs/heads/master refs/remotes/master [3ms]
2023-04-26 23:13:39.191 [info] > git status -z -uall [51ms]
2023-04-26 23:13:44.217 [info] > git config --get commit.template [3ms]
2023-04-26 23:13:44.230 [info] > git for-each-ref --format=%(refname)%00%(upstream:short)%00%(objectname)%00%(upstream:track)%00%(upstream:remotename)%00%(upstream:remoteref) refs/heads/master refs/remotes/master [2ms]
2023-04-26 23:13:44.290 [info] > git status -z -uall [50ms]
2023-04-26 23:13:49.324 [info] > git config --get commit.template [5ms]
2023-04-26 23:13:49.340 [info] > git for-each-ref --format=%(refname)%00%(upstream:short)%00%(objectname)%00%(upstream:track)%00%(upstream:remotename)%00%(upstream:remoteref) refs/heads/master refs/remotes/master [3ms]
2023-04-26 23:13:49.400 [info] > git status -z -uall [50ms]
2023-04-26 23:13:54.434 [info] > git config --get commit.template [13ms]
2023-04-26 23:13:54.437 [info] > git for-each-ref --format=%(refname)%00%(upstream:short)%00%(objectname)%00%(upstream:track)%00%(upstream:remotename)%00%(upstream:remoteref) refs/heads/master refs/remotes/master [3ms]
2023-04-26 23:13:54.499 [info] > git status -z -uall [53ms]
2023-04-26 23:13:59.536 [info] > git config --get commit.template [13ms]
2023-04-26 23:13:59.537 [info] > git for-each-ref --format=%(refname)%00%(upstream:short)%00%(objectname)%00%(upstream:track)%00%(upstream:remotename)%00%(upstream:remoteref) refs/heads/master refs/remotes/master [4ms]
2023-04-26 23:13:59.604 [info] > git status -z -uall [57ms]
2023-04-26 23:14:04.639 [info] > git config --get commit.template [13ms]
2023-04-26 23:14:04.640 [info] > git for-each-ref --format=%(refname)%00%(upstream:short)%00%(objectname)%00%(upstream:track)%00%(upstream:remotename)%00%(upstream:remoteref) refs/heads/master refs/remotes/master [3ms]
2023-04-26 23:14:04.707 [info] > git status -z -uall [57ms]
2023-04-26 23:14:09.730 [info] > git config --get commit.template [2ms]
2023-04-26 23:14:09.745 [info] > git for-each-ref --format=%(refname)%00%(upstream:short)%00%(objectname)%00%(upstream:track)%00%(upstream:remotename)%00%(upstream:remoteref) refs/heads/master refs/remotes/master [3ms]
2023-04-26 23:14:09.809 [info] > git status -z -uall [54ms]
2023-04-26 23:14:31.687 [info] > git config --get commit.template [14ms]
2023-04-26 23:14:31.689 [info] > git for-each-ref --format=%(refname)%00%(upstream:short)%00%(objectname)%00%(upstream:track)%00%(upstream:remotename)%00%(upstream:remoteref) refs/heads/master refs/remotes/master [5ms]
2023-04-26 23:14:31.751 [info] > git status -z -uall [50ms]
2023-04-26 23:14:36.798 [info] > git config --get commit.template [16ms]
2023-04-26 23:14:36.799 [info] > git for-each-ref --format=%(refname)%00%(upstream:short)%00%(objectname)%00%(upstream:track)%00%(upstream:remotename)%00%(upstream:remoteref) refs/heads/master refs/remotes/master [5ms]
2023-04-26 23:14:36.867 [info] > git status -z -uall [56ms]
2023-04-26 23:14:41.909 [info] > git config --get commit.template [15ms]
2023-04-26 23:14:41.911 [info] > git for-each-ref --format=%(refname)%00%(upstream:short)%00%(objectname)%00%(upstream:track)%00%(upstream:remotename)%00%(upstream:remoteref) refs/heads/master refs/remotes/master [5ms]
2023-04-26 23:14:41.979 [info] > git status -z -uall [57ms]
2023-04-26 23:14:47.021 [info] > git config --get commit.template [17ms]
2023-04-26 23:14:47.022 [info] > git for-each-ref --format=%(refname)%00%(upstream:short)%00%(objectname)%00%(upstream:track)%00%(upstream:remotename)%00%(upstream:remoteref) refs/heads/master refs/remotes/master [4ms]
2023-04-26 23:14:47.091 [info] > git status -z -uall [58ms]
2023-04-26 23:14:52.131 [info] > git config --get commit.template [12ms]
2023-04-26 23:14:52.133 [info] > git for-each-ref --format=%(refname)%00%(upstream:short)%00%(objectname)%00%(upstream:track)%00%(upstream:remotename)%00%(upstream:remoteref) refs/heads/master refs/remotes/master [3ms]
2023-04-26 23:14:52.195 [info] > git status -z -uall [53ms]
2023-04-26 23:14:57.235 [info] > git config --get commit.template [14ms]
2023-04-26 23:14:57.236 [info] > git for-each-ref --format=%(refname)%00%(upstream:short)%00%(objectname)%00%(upstream:track)%00%(upstream:remotename)%00%(upstream:remoteref) refs/heads/master refs/remotes/master [5ms]
2023-04-26 23:14:57.300 [info] > git status -z -uall [53ms]
2023-04-26 23:15:02.334 [info] > git config --get commit.template [12ms]
2023-04-26 23:15:02.335 [info] > git for-each-ref --format=%(refname)%00%(upstream:short)%00%(objectname)%00%(upstream:track)%00%(upstream:remotename)%00%(upstream:remoteref) refs/heads/master refs/remotes/master [3ms]
2023-04-26 23:15:02.397 [info] > git status -z -uall [52ms]
2023-04-26 23:15:07.435 [info] > git config --get commit.template [13ms]
2023-04-26 23:15:07.437 [info] > git for-each-ref --format=%(refname)%00%(upstream:short)%00%(objectname)%00%(upstream:track)%00%(upstream:remotename)%00%(upstream:remoteref) refs/heads/master refs/remotes/master [3ms]
2023-04-26 23:15:07.499 [info] > git status -z -uall [53ms]
2023-04-26 23:15:44.033 [info] > git config --get commit.template [14ms]
2023-04-26 23:15:44.040 [info] > git for-each-ref --format=%(refname)%00%(upstream:short)%00%(objectname)%00%(upstream:track)%00%(upstream:remotename)%00%(upstream:remoteref) refs/heads/master refs/remotes/master [9ms]
2023-04-26 23:15:44.113 [info] > git status -z -uall [62ms]
2023-04-26 23:15:49.149 [info] > git config --get commit.template [15ms]
2023-04-26 23:15:49.154 [info] > git for-each-ref --format=%(refname)%00%(upstream:short)%00%(objectname)%00%(upstream:track)%00%(upstream:remotename)%00%(upstream:remoteref) refs/heads/master refs/remotes/master [6ms]
2023-04-26 23:15:49.216 [info] > git status -z -uall [53ms]
2023-04-26 23:15:54.252 [info] > git config --get commit.template [12ms]
2023-04-26 23:15:54.254 [info] > git for-each-ref --format=%(refname)%00%(upstream:short)%00%(objectname)%00%(upstream:track)%00%(upstream:remotename)%00%(upstream:remoteref) refs/heads/master refs/remotes/master [3ms]
2023-04-26 23:15:54.315 [info] > git status -z -uall [50ms]
2023-04-26 23:15:56.099 [info] > git rev-parse --show-toplevel [3ms]
2023-04-26 23:15:56.099 [info] fatal: not a git repository (or any of the parent directories): .git
2023-04-26 23:15:56.617 [info] > git check-ignore -v -z --stdin [3ms]
2023-04-26 23:16:03.675 [info] > git config --get commit.template [12ms]
2023-04-26 23:16:03.679 [info] > git for-each-ref --format=%(refname)%00%(upstream:short)%00%(objectname)%00%(upstream:track)%00%(upstream:remotename)%00%(upstream:remoteref) refs/heads/master refs/remotes/master [7ms]
2023-04-26 23:16:03.742 [info] > git status -z -uall [55ms]
