2023-04-26 03:51:40.954 [info] Log level: Info
2023-04-26 03:51:40.954 [info] Validating found git in: "git"
2023-04-26 03:51:40.954 [info] Using git "2.34.1" from "git"
2023-04-26 03:51:40.954 [info] > git rev-parse --show-toplevel [38ms]
2023-04-26 03:51:50.397 [info] > git rev-parse --show-toplevel [2ms]
2023-04-26 03:51:50.405 [info] > git rev-parse --git-dir --git-common-dir [1ms]
2023-04-26 03:51:50.419 [info] Open repository: /home/ds/ops-201d8-code-challenges
2023-04-26 03:51:50.437 [info] > git config --get commit.template [7ms]
2023-04-26 03:51:50.449 [info] > git for-each-ref --format=%(refname)%00%(upstream:short)%00%(objectname)%00%(upstream:track)%00%(upstream:remotename)%00%(upstream:remoteref) refs/heads/main refs/remotes/main [3ms]
2023-04-26 03:51:50.461 [info] > git status -z -uall [4ms]
2023-04-26 03:51:50.493 [info] > git config --get commit.template [15ms]
2023-04-26 03:51:50.500 [info] > git for-each-ref --format=%(refname)%00%(upstream:short)%00%(objectname)%00%(upstream:track)%00%(upstream:remotename)%00%(upstream:remoteref) refs/heads/main refs/remotes/main [7ms]
2023-04-26 03:51:50.518 [info] > git status -z -uall [11ms]
2023-04-26 03:51:50.871 [info] > git show --textconv :README.md [11ms]
2023-04-26 03:51:50.872 [info] > git ls-files --stage -- /home/ds/ops-201d8-code-challenges/README.md [4ms]
2023-04-26 03:51:50.881 [info] > git cat-file -s 6d1955ad00f6dce3b74418dd3ab32685956c735a [2ms]
2023-04-26 03:51:51.004 [info] > git check-ignore -v -z --stdin [1ms]
2023-04-26 03:55:04.518 [info] > git config --get commit.template [14ms]
2023-04-26 03:55:04.521 [info] > git for-each-ref --format=%(refname)%00%(upstream:short)%00%(objectname)%00%(upstream:track)%00%(upstream:remotename)%00%(upstream:remoteref) refs/heads/main refs/remotes/main [6ms]
2023-04-26 03:55:04.534 [info] > git status -z -uall [3ms]
