2023-04-26 22:46:28.327 [info] Extension host with pid 1368 started
2023-04-26 22:46:28.356 [info] Lock '/home/ds/.vscode-server/data/User/workspaceStorage/aacce2a6553a52fbbe2d102e693fc6e0/vscode.lock': Lock acquired.
2023-04-26 22:46:28.530 [info] ExtensionService#_doActivateExtension vscode.emmet, startup: false, activationEvent: 'onLanguage'
2023-04-26 22:46:28.821 [info] ExtensionService#_doActivateExtension vscode.git-base, startup: true, activationEvent: '*', root cause: vscode.git
2023-04-26 22:46:28.846 [info] ExtensionService#_doActivateExtension vscode.git, startup: true, activationEvent: '*'
2023-04-26 22:46:28.846 [info] ExtensionService#_doActivateExtension vscode.github, startup: true, activationEvent: '*'
2023-04-26 22:46:29.136 [info] Eager extensions activated
2023-04-26 22:46:29.136 [info] ExtensionService#_doActivateExtension vscode.debug-auto-launch, startup: false, activationEvent: 'onStartupFinished'
2023-04-26 22:46:29.137 [info] ExtensionService#_doActivateExtension vscode.merge-conflict, startup: false, activationEvent: 'onStartupFinished'
2023-04-26 22:52:33.382 [info] ExtensionService#_doActivateExtension vscode.npm, startup: false, activationEvent: 'onTerminalQuickFixRequest:ms-vscode.npm-command'
2023-04-26 22:52:45.653 [info] Extension host terminating: received terminate message from renderer
2023-04-26 22:52:45.654 [info] Lock '/home/ds/.vscode-server/data/User/workspaceStorage/aacce2a6553a52fbbe2d102e693fc6e0/vscode.lock': Marking the lockfile as scheduled to be released in 6000 ms.
2023-04-26 22:52:45.700 [error] Canceled: Canceled
	at new l (/home/ds/.vscode-server/bin/704ed70d4fd1c6bd6342c436f1ede30d1cff4710/out/vs/workbench/api/node/extensionHostProcess.js:99:105190)
	at c.O (/home/ds/.vscode-server/bin/704ed70d4fd1c6bd6342c436f1ede30d1cff4710/out/vs/workbench/api/node/extensionHostProcess.js:109:11692)
	at Proxy.G.<computed>.Q.charCodeAt.G.<computed> (/home/ds/.vscode-server/bin/704ed70d4fd1c6bd6342c436f1ede30d1cff4710/out/vs/workbench/api/node/extensionHostProcess.js:109:8967)
	at m.g (/home/ds/.vscode-server/bin/704ed70d4fd1c6bd6342c436f1ede30d1cff4710/out/vs/workbench/api/node/extensionHostProcess.js:99:125211)
	at m.executeCommand (/home/ds/.vscode-server/bin/704ed70d4fd1c6bd6342c436f1ede30d1cff4710/out/vs/workbench/api/node/extensionHostProcess.js:99:124587)
	at L.registerCommand.description (/home/ds/.vscode-server/bin/704ed70d4fd1c6bd6342c436f1ede30d1cff4710/out/vs/workbench/api/node/extensionHostProcess.js:99:123880)
	at m.h (/home/ds/.vscode-server/bin/704ed70d4fd1c6bd6342c436f1ede30d1cff4710/out/vs/workbench/api/node/extensionHostProcess.js:99:125797)
	at m.g (/home/ds/.vscode-server/bin/704ed70d4fd1c6bd6342c436f1ede30d1cff4710/out/vs/workbench/api/node/extensionHostProcess.js:99:124687)
	at m.executeCommand (/home/ds/.vscode-server/bin/704ed70d4fd1c6bd6342c436f1ede30d1cff4710/out/vs/workbench/api/node/extensionHostProcess.js:99:124587)
	at Object.executeCommand (/home/ds/.vscode-server/bin/704ed70d4fd1c6bd6342c436f1ede30d1cff4710/out/vs/workbench/api/node/extensionHostProcess.js:115:23801)
	at D (/home/ds/.vscode-server/bin/704ed70d4fd1c6bd6342c436f1ede30d1cff4710/extensions/git/dist/main.js:2:1467156)
	at E.invoke (/home/ds/.vscode-server/bin/704ed70d4fd1c6bd6342c436f1ede30d1cff4710/out/vs/workbench/api/node/extensionHostProcess.js:63:145)
	at h.deliver (/home/ds/.vscode-server/bin/704ed70d4fd1c6bd6342c436f1ede30d1cff4710/out/vs/workbench/api/node/extensionHostProcess.js:63:2121)
	at n.fire (/home/ds/.vscode-server/bin/704ed70d4fd1c6bd6342c436f1ede30d1cff4710/out/vs/workbench/api/node/extensionHostProcess.js:63:1729)
	at Object.m [as dispose] (/home/ds/.vscode-server/bin/704ed70d4fd1c6bd6342c436f1ede30d1cff4710/extensions/git/dist/main.js:2:1481885)
	at /home/ds/.vscode-server/bin/704ed70d4fd1c6bd6342c436f1ede30d1cff4710/extensions/git/dist/main.js:2:1485952
	at Array.forEach (<anonymous>)
	at g.dispose (/home/ds/.vscode-server/bin/704ed70d4fd1c6bd6342c436f1ede30d1cff4710/extensions/git/dist/main.js:2:1485938)
	at t.<anonymous> (/home/ds/.vscode-server/bin/704ed70d4fd1c6bd6342c436f1ede30d1cff4710/out/vs/workbench/api/node/extensionHostProcess.js:97:12398)
	at t.dispose (/home/ds/.vscode-server/bin/704ed70d4fd1c6bd6342c436f1ede30d1cff4710/out/vs/workbench/api/node/extensionHostProcess.js:97:12533)
	at t.<anonymous> (/home/ds/.vscode-server/bin/704ed70d4fd1c6bd6342c436f1ede30d1cff4710/extensions/git/dist/main.js:2:1469286)
	at t.dispose (/home/ds/.vscode-server/bin/704ed70d4fd1c6bd6342c436f1ede30d1cff4710/out/vs/workbench/api/node/extensionHostProcess.js:97:12533)
	at I (/home/ds/.vscode-server/bin/704ed70d4fd1c6bd6342c436f1ede30d1cff4710/out/vs/workbench/api/node/extensionHostProcess.js:10:12084)
	at E.Y (/home/ds/.vscode-server/bin/704ed70d4fd1c6bd6342c436f1ede30d1cff4710/out/vs/workbench/api/node/extensionHostProcess.js:111:11147)
	at /home/ds/.vscode-server/bin/704ed70d4fd1c6bd6342c436f1ede30d1cff4710/out/vs/workbench/api/node/extensionHostProcess.js:111:9131
	at Array.map (<anonymous>)
	at E.R (/home/ds/.vscode-server/bin/704ed70d4fd1c6bd6342c436f1ede30d1cff4710/out/vs/workbench/api/node/extensionHostProcess.js:111:9118)
	at E.terminate (/home/ds/.vscode-server/bin/704ed70d4fd1c6bd6342c436f1ede30d1cff4710/out/vs/workbench/api/node/extensionHostProcess.js:111:9389)
	at d.terminate (/home/ds/.vscode-server/bin/704ed70d4fd1c6bd6342c436f1ede30d1cff4710/out/vs/workbench/api/node/extensionHostProcess.js:115:1544)
	at p (/home/ds/.vscode-server/bin/704ed70d4fd1c6bd6342c436f1ede30d1cff4710/out/vs/workbench/api/node/extensionHostProcess.js:125:18690)
	at /home/ds/.vscode-server/bin/704ed70d4fd1c6bd6342c436f1ede30d1cff4710/out/vs/workbench/api/node/extensionHostProcess.js:125:16600
	at E.invoke (/home/ds/.vscode-server/bin/704ed70d4fd1c6bd6342c436f1ede30d1cff4710/out/vs/workbench/api/node/extensionHostProcess.js:63:145)
	at h.deliver (/home/ds/.vscode-server/bin/704ed70d4fd1c6bd6342c436f1ede30d1cff4710/out/vs/workbench/api/node/extensionHostProcess.js:63:2121)
	at n.fire (/home/ds/.vscode-server/bin/704ed70d4fd1c6bd6342c436f1ede30d1cff4710/out/vs/workbench/api/node/extensionHostProcess.js:63:1729)
	at p.fire (/home/ds/.vscode-server/bin/704ed70d4fd1c6bd6342c436f1ede30d1cff4710/out/vs/workbench/api/node/extensionHostProcess.js:72:14916)
	at s.E (/home/ds/.vscode-server/bin/704ed70d4fd1c6bd6342c436f1ede30d1cff4710/out/vs/workbench/api/node/extensionHostProcess.js:72:18982)
	at /home/ds/.vscode-server/bin/704ed70d4fd1c6bd6342c436f1ede30d1cff4710/out/vs/workbench/api/node/extensionHostProcess.js:72:16970
	at E.invoke (/home/ds/.vscode-server/bin/704ed70d4fd1c6bd6342c436f1ede30d1cff4710/out/vs/workbench/api/node/extensionHostProcess.js:63:145)
	at h.deliver (/home/ds/.vscode-server/bin/704ed70d4fd1c6bd6342c436f1ede30d1cff4710/out/vs/workbench/api/node/extensionHostProcess.js:63:2121)
	at n.fire (/home/ds/.vscode-server/bin/704ed70d4fd1c6bd6342c436f1ede30d1cff4710/out/vs/workbench/api/node/extensionHostProcess.js:63:1729)
	at d.acceptChunk (/home/ds/.vscode-server/bin/704ed70d4fd1c6bd6342c436f1ede30d1cff4710/out/vs/workbench/api/node/extensionHostProcess.js:72:12647)
	at /home/ds/.vscode-server/bin/704ed70d4fd1c6bd6342c436f1ede30d1cff4710/out/vs/workbench/api/node/extensionHostProcess.js:72:11934
	at E.invoke (/home/ds/.vscode-server/bin/704ed70d4fd1c6bd6342c436f1ede30d1cff4710/out/vs/workbench/api/node/extensionHostProcess.js:63:145)
	at h.deliver (/home/ds/.vscode-server/bin/704ed70d4fd1c6bd6342c436f1ede30d1cff4710/out/vs/workbench/api/node/extensionHostProcess.js:63:2121)
	at n.fire (/home/ds/.vscode-server/bin/704ed70d4fd1c6bd6342c436f1ede30d1cff4710/out/vs/workbench/api/node/extensionHostProcess.js:63:1729)
	at n.u (/home/ds/.vscode-server/bin/704ed70d4fd1c6bd6342c436f1ede30d1cff4710/out/vs/workbench/api/node/extensionHostProcess.js:72:28899) setContext undefined
2023-04-26 22:52:45.701 [info] Extension host with pid 1368 exiting with code 0
