2023-04-27 00:06:33.929 [info] Log level: Info
2023-04-27 00:06:33.929 [info] Validating found git in: "git"
2023-04-27 00:06:33.929 [info] Using git "2.34.1" from "git"
2023-04-27 00:06:33.929 [info] > git rev-parse --show-toplevel [61ms]
2023-04-27 00:06:33.929 [info] > git rev-parse --git-dir --git-common-dir [4ms]
2023-04-27 00:06:33.929 [info] Open repository: /home/ds/ops-201d8-code-challenges
2023-04-27 00:06:33.929 [info] > git config --get commit.template [2ms]
2023-04-27 00:06:33.929 [info] > git for-each-ref --format=%(refname)%00%(upstream:short)%00%(objectname)%00%(upstream:track)%00%(upstream:remotename)%00%(upstream:remoteref) refs/heads/main refs/remotes/main [3ms]
2023-04-27 00:06:33.929 [info] > git status -z -uall [3ms]
2023-04-27 00:06:33.929 [info] > git config --get commit.template [7ms]
2023-04-27 00:06:33.929 [info] > git for-each-ref --format=%(refname)%00%(upstream:short)%00%(objectname)%00%(upstream:track)%00%(upstream:remotename)%00%(upstream:remoteref) refs/heads/main refs/remotes/main [3ms]
2023-04-27 00:06:33.929 [info] > git status -z -uall [4ms]
2023-04-27 00:06:34.397 [info] > git check-ignore -v -z --stdin [3ms]
2023-04-27 00:06:50.578 [info] > git show --textconv :helloworld.sh [11ms]
2023-04-27 00:06:50.583 [info] > git ls-files --stage -- /home/ds/ops-201d8-code-challenges/helloworld.sh [7ms]
2023-04-27 00:06:50.594 [info] > git cat-file -s ae4b0bd9cd37f527fdeb5aa4bfececb976ed38a2 [3ms]
2023-04-27 01:06:18.390 [info] > git config --get commit.template [3ms]
2023-04-27 01:06:18.404 [info] > git for-each-ref --format=%(refname)%00%(upstream:short)%00%(objectname)%00%(upstream:track)%00%(upstream:remotename)%00%(upstream:remoteref) refs/heads/main refs/remotes/main [3ms]
2023-04-27 01:06:18.419 [info] > git status -z -uall [5ms]
2023-04-27 01:09:48.578 [info] > git config --get commit.template [16ms]
2023-04-27 01:09:48.580 [info] > git for-each-ref --format=%(refname)%00%(upstream:short)%00%(objectname)%00%(upstream:track)%00%(upstream:remotename)%00%(upstream:remoteref) refs/heads/main refs/remotes/main [6ms]
2023-04-27 01:09:48.597 [info] > git status -z -uall [2ms]
2023-04-27 01:17:46.162 [info] > git config --get commit.template [14ms]
2023-04-27 01:17:46.163 [info] > git for-each-ref --format=%(refname)%00%(upstream:short)%00%(objectname)%00%(upstream:track)%00%(upstream:remotename)%00%(upstream:remoteref) refs/heads/main refs/remotes/main [4ms]
2023-04-27 01:17:46.185 [info] > git status -z -uall [9ms]
2023-04-27 01:17:46.260 [info] > git ls-files --stage -- /home/ds/ops-201d8-code-challenges/helloworld.sh [3ms]
2023-04-27 01:17:46.273 [info] > git cat-file -s 950adeec1a4cddd633fbce48bc1958cedb43100b [3ms]
2023-04-27 01:17:46.298 [info] > git show --textconv :helloworld.sh [4ms]
2023-04-27 01:17:54.147 [info] > git config --get commit.template [14ms]
2023-04-27 01:17:54.149 [info] > git for-each-ref --format=%(refname)%00%(upstream:short)%00%(objectname)%00%(upstream:track)%00%(upstream:remotename)%00%(upstream:remoteref) refs/heads/main refs/remotes/main [3ms]
2023-04-27 01:17:54.170 [info] > git status -z -uall [3ms]
2023-04-27 01:17:54.246 [info] > git ls-files --stage -- /home/ds/ops-201d8-code-challenges/helloworld.sh [3ms]
2023-04-27 01:17:54.259 [info] > git cat-file -s 950adeec1a4cddd633fbce48bc1958cedb43100b [2ms]
2023-04-27 01:17:54.286 [info] > git show --textconv :helloworld.sh [7ms]
2023-04-27 01:18:13.501 [info] > git config --get commit.template [12ms]
2023-04-27 01:18:13.502 [info] > git for-each-ref --format=%(refname)%00%(upstream:short)%00%(objectname)%00%(upstream:track)%00%(upstream:remotename)%00%(upstream:remoteref) refs/heads/main refs/remotes/main [3ms]
2023-04-27 01:18:13.516 [info] > git status -z -uall [3ms]
2023-04-27 01:18:13.602 [info] > git ls-files --stage -- /home/ds/ops-201d8-code-challenges/helloworld.sh [2ms]
2023-04-27 01:18:13.614 [info] > git cat-file -s 950adeec1a4cddd633fbce48bc1958cedb43100b [3ms]
2023-04-27 01:18:13.639 [info] > git show --textconv :helloworld.sh [4ms]
2023-04-27 01:22:56.687 [info] > git config --get commit.template [3ms]
2023-04-27 01:22:56.702 [info] > git for-each-ref --format=%(refname)%00%(upstream:short)%00%(objectname)%00%(upstream:track)%00%(upstream:remotename)%00%(upstream:remoteref) refs/heads/main refs/remotes/main [4ms]
2023-04-27 01:22:56.717 [info] > git status -z -uall [4ms]
2023-04-27 01:22:56.788 [info] > git ls-files --stage -- /home/ds/ops-201d8-code-challenges/helloworld.sh [3ms]
2023-04-27 01:22:56.800 [info] > git cat-file -s 950adeec1a4cddd633fbce48bc1958cedb43100b [3ms]
2023-04-27 01:22:56.827 [info] > git show --textconv :helloworld.sh [3ms]
2023-04-27 01:23:05.520 [info] > git config --get commit.template [16ms]
2023-04-27 01:23:05.522 [info] > git for-each-ref --format=%(refname)%00%(upstream:short)%00%(objectname)%00%(upstream:track)%00%(upstream:remotename)%00%(upstream:remoteref) refs/heads/main refs/remotes/main [6ms]
2023-04-27 01:23:05.544 [info] > git status -z -uall [7ms]
2023-04-27 01:23:05.614 [info] > git ls-files --stage -- /home/ds/ops-201d8-code-challenges/helloworld.sh [4ms]
2023-04-27 01:23:05.629 [info] > git cat-file -s 950adeec1a4cddd633fbce48bc1958cedb43100b [4ms]
2023-04-27 01:23:05.656 [info] > git show --textconv :helloworld.sh [5ms]
2023-04-27 01:24:43.128 [info] > git config --get commit.template [3ms]
2023-04-27 01:24:43.141 [info] > git for-each-ref --format=%(refname)%00%(upstream:short)%00%(objectname)%00%(upstream:track)%00%(upstream:remotename)%00%(upstream:remoteref) refs/heads/main refs/remotes/main [4ms]
2023-04-27 01:24:43.155 [info] > git status -z -uall [4ms]
2023-04-27 01:26:31.429 [info] > git config --get commit.template [3ms]
2023-04-27 01:26:31.442 [info] > git for-each-ref --format=%(refname)%00%(upstream:short)%00%(objectname)%00%(upstream:track)%00%(upstream:remotename)%00%(upstream:remoteref) refs/heads/main refs/remotes/main [3ms]
2023-04-27 01:26:31.456 [info] > git status -z -uall [4ms]
2023-04-27 03:02:46.569 [info] > git show --textconv :loginhistory.sh [12ms]
2023-04-27 03:02:46.573 [info] > git ls-files --stage -- /home/ds/ops-201d8-code-challenges/loginhistory.sh [6ms]
2023-04-27 03:02:46.812 [info] > git check-ignore -v -z --stdin [2ms]
2023-04-27 03:02:47.401 [info] > git config --get commit.template [12ms]
2023-04-27 03:02:47.406 [info] > git for-each-ref --format=%(refname)%00%(upstream:short)%00%(objectname)%00%(upstream:track)%00%(upstream:remotename)%00%(upstream:remoteref) refs/heads/main refs/remotes/main [8ms]
2023-04-27 03:02:47.424 [info] > git status -z -uall [8ms]
2023-04-27 03:02:56.286 [info] > git show --textconv :helloworld.sh [12ms]
2023-04-27 03:02:56.289 [info] > git ls-files --stage -- /home/ds/ops-201d8-code-challenges/helloworld.sh [5ms]
2023-04-27 03:02:56.301 [info] > git cat-file -s 950adeec1a4cddd633fbce48bc1958cedb43100b [3ms]
2023-04-27 03:08:02.372 [info] > git config --get commit.template [3ms]
2023-04-27 03:08:02.385 [info] > git for-each-ref --format=%(refname)%00%(upstream:short)%00%(objectname)%00%(upstream:track)%00%(upstream:remotename)%00%(upstream:remoteref) refs/heads/main refs/remotes/main [3ms]
2023-04-27 03:08:02.400 [info] > git status -z -uall [6ms]
